EDA Netlist Writer report for Guess
Wed Jun 12 15:38:52 2019
Quartus II Version 9.1 Build 222 10/21/2009 SJ Web Edition


---------------------
; Table of Contents ;
---------------------
  1. Legal Notice
  2. EDA Netlist Writer Summary
  3. Simulation Settings
  4. Simulation Generated Files
  5. EDA Netlist Writer Messages



----------------
; Legal Notice ;
----------------
Copyright (C) 1991-2009 Altera Corporation
Your use of Altera Corporation's design tools, logic functions 
and other software and tools, and its AMPP partner logic 
functions, and any output files from any of the foregoing 
(including device programming or simulation files), and any 
associated documentation or information are expressly subject 
to the terms and conditions of the Altera Program License 
Subscription Agreement, Altera MegaCore Function License 
Agreement, or other applicable license agreement, including, 
without limitation, that your use is for the sole purpose of 
programming logic devices manufactured by Altera and sold by 
Altera or its authorized distributors.  Please refer to the 
applicable agreement for further details.



+-------------------------------------------------------------------+
; EDA Netlist Writer Summary                                        ;
+---------------------------+---------------------------------------+
; EDA Netlist Writer Status ; Successful - Wed Jun 12 15:38:52 2019 ;
; Revision Name             ; Guess                                 ;
; Top-level Entity Name     ; Guess                                 ;
; Family                    ; Cyclone III                           ;
; Simulation Files Creation ; Successful                            ;
+---------------------------+---------------------------------------+


+-------------------------------------------------------------------------------------------------------------------------------+
; Simulation Settings                                                                                                           ;
+---------------------------------------------------------------------------------------------------+---------------------------+
; Option                                                                                            ; Setting                   ;
+---------------------------------------------------------------------------------------------------+---------------------------+
; Tool Name                                                                                         ; ModelSim-Altera (Verilog) ;
; Generate netlist for functional simulation only                                                   ; Off                       ;
; Time scale                                                                                        ; 1 ps                      ;
; Truncate long hierarchy paths                                                                     ; Off                       ;
; Map illegal HDL characters                                                                        ; Off                       ;
; Flatten buses into individual nodes                                                               ; Off                       ;
; Maintain hierarchy                                                                                ; Off                       ;
; Bring out device-wide set/reset signals as ports                                                  ; Off                       ;
; Enable glitch filtering                                                                           ; Off                       ;
; Do not write top level VHDL entity                                                                ; Off                       ;
; Disable detection of setup and hold time violations in the input registers of bi-directional pins ; Off                       ;
; Architecture name in VHDL output netlist                                                          ; structure                 ;
; Generate third-party EDA tool command script for RTL functional simulation                        ; Off                       ;
; Generate third-party EDA tool command script for gate-level simulation                            ; Off                       ;
+---------------------------------------------------------------------------------------------------+---------------------------+


+--------------------------------------------------------------------------------------------+
; Simulation Generated Files                                                                 ;
+--------------------------------------------------------------------------------------------+
; Generated Files                                                                            ;
+--------------------------------------------------------------------------------------------+
; D:/University(D)/1072/數位實驗/ProjectX/simulation/modelsim/Guess_6_1200mv_85c_slow.vo     ;
; D:/University(D)/1072/數位實驗/ProjectX/simulation/modelsim/Guess_6_1200mv_0c_slow.vo      ;
; D:/University(D)/1072/數位實驗/ProjectX/simulation/modelsim/Guess_min_1200mv_0c_fast.vo    ;
; D:/University(D)/1072/數位實驗/ProjectX/simulation/modelsim/Guess.vo                       ;
; D:/University(D)/1072/數位實驗/ProjectX/simulation/modelsim/Guess_6_1200mv_85c_v_slow.sdo  ;
; D:/University(D)/1072/數位實驗/ProjectX/simulation/modelsim/Guess_6_1200mv_0c_v_slow.sdo   ;
; D:/University(D)/1072/數位實驗/ProjectX/simulation/modelsim/Guess_min_1200mv_0c_v_fast.sdo ;
; D:/University(D)/1072/數位實驗/ProjectX/simulation/modelsim/Guess_v.sdo                    ;
+--------------------------------------------------------------------------------------------+


+-----------------------------+
; EDA Netlist Writer Messages ;
+-----------------------------+
Info: *******************************************************************
Info: Running Quartus II EDA Netlist Writer
    Info: Version 9.1 Build 222 10/21/2009 SJ Web Edition
    Info: Processing started: Wed Jun 12 15:38:50 2019
Info: Command: quartus_eda --read_settings_files=off --write_settings_files=off Guess -c Guess
Info: Generated file Guess_6_1200mv_85c_slow.vo in folder "D:/University(D)/1072/數位實驗/ProjectX/simulation/modelsim/" for EDA simulation tool
Info: Generated file Guess_6_1200mv_0c_slow.vo in folder "D:/University(D)/1072/數位實驗/ProjectX/simulation/modelsim/" for EDA simulation tool
Info: Generated file Guess_min_1200mv_0c_fast.vo in folder "D:/University(D)/1072/數位實驗/ProjectX/simulation/modelsim/" for EDA simulation tool
Info: Generated file Guess.vo in folder "D:/University(D)/1072/數位實驗/ProjectX/simulation/modelsim/" for EDA simulation tool
Info: Generated file Guess_6_1200mv_85c_v_slow.sdo in folder "D:/University(D)/1072/數位實驗/ProjectX/simulation/modelsim/" for EDA simulation tool
Info: Generated file Guess_6_1200mv_0c_v_slow.sdo in folder "D:/University(D)/1072/數位實驗/ProjectX/simulation/modelsim/" for EDA simulation tool
Info: Generated file Guess_min_1200mv_0c_v_fast.sdo in folder "D:/University(D)/1072/數位實驗/ProjectX/simulation/modelsim/" for EDA simulation tool
Info: Generated file Guess_v.sdo in folder "D:/University(D)/1072/數位實驗/ProjectX/simulation/modelsim/" for EDA simulation tool
Info: Quartus II EDA Netlist Writer was successful. 0 errors, 0 warnings
    Info: Peak virtual memory: 216 megabytes
    Info: Processing ended: Wed Jun 12 15:38:52 2019
    Info: Elapsed time: 00:00:02
    Info: Total CPU time (on all processors): 00:00:02


